0 info it worked if it ends with ok
1 verbose cli [ 'node', '/usr/local/bin/npm', 'i', '--save', 'jquery', '^1.11' ]
2 info using npm@1.4.28
3 info using node@v0.10.33
4 warn package.json Cubits@0.0.1 No repository field.
5 warn package.json Cubits@0.0.1 No README data
6 verbose readDependencies using package.json deps
7 verbose cache add [ 'jquery', null ]
8 verbose cache add name=undefined spec="jquery" args=["jquery",null]
9 verbose parsed url { protocol: null,
9 verbose parsed url   slashes: null,
9 verbose parsed url   auth: null,
9 verbose parsed url   host: null,
9 verbose parsed url   port: null,
9 verbose parsed url   hostname: null,
9 verbose parsed url   hash: null,
9 verbose parsed url   search: null,
9 verbose parsed url   query: null,
9 verbose parsed url   pathname: 'jquery',
9 verbose parsed url   path: 'jquery',
9 verbose parsed url   href: 'jquery' }
10 verbose cache add [ '^1.11', null ]
11 verbose cache add name=undefined spec="^1.11" args=["^1.11",null]
12 verbose parsed url { protocol: null,
12 verbose parsed url   slashes: null,
12 verbose parsed url   auth: null,
12 verbose parsed url   host: null,
12 verbose parsed url   port: null,
12 verbose parsed url   hostname: null,
12 verbose parsed url   hash: null,
12 verbose parsed url   search: null,
12 verbose parsed url   query: null,
12 verbose parsed url   pathname: '^1.11',
12 verbose parsed url   path: '^1.11',
12 verbose parsed url   href: '^1.11' }
13 silly lockFile 6f2ab963-jquery jquery
14 verbose lock jquery /Users/buschidos/.npm/6f2ab963-jquery.lock
15 silly lockFile 622f2d7d-1-11 ^1.11
16 verbose lock ^1.11 /Users/buschidos/.npm/622f2d7d-1-11.lock
17 silly lockFile 6f2ab963-jquery jquery
18 silly lockFile 6f2ab963-jquery jquery
19 silly lockFile 622f2d7d-1-11 ^1.11
20 silly lockFile 622f2d7d-1-11 ^1.11
21 verbose addNamed [ 'jquery', '' ]
22 verbose addNamed [ null, '*' ]
23 silly lockFile 039e748d-jquery jquery@
24 verbose lock jquery@ /Users/buschidos/.npm/039e748d-jquery.lock
25 verbose addNamed [ '^1.11', '' ]
26 verbose addNamed [ null, '*' ]
27 silly lockFile da2e92ba-1-11 ^1.11@
28 verbose lock ^1.11@ /Users/buschidos/.npm/da2e92ba-1-11.lock
29 silly addNameRange { name: 'jquery', range: '*', hasData: false }
30 silly addNameRange { name: '^1.11', range: '*', hasData: false }
31 verbose request where is /^1.11
32 verbose request registry https://registry.npmjs.org/
33 verbose request id 0a89f3a089174780
34 verbose url raw /^1.11
35 verbose url resolving [ 'https://registry.npmjs.org/', './%5E1.11' ]
36 verbose url resolved https://registry.npmjs.org/%5E1.11
37 verbose request where is https://registry.npmjs.org/%5E1.11
38 info trying registry request attempt 1 at 10:23:16
39 http GET https://registry.npmjs.org/%5E1.11
40 verbose request where is /jquery
41 verbose request registry https://registry.npmjs.org/
42 verbose url raw /jquery
43 verbose url resolving [ 'https://registry.npmjs.org/', './jquery' ]
44 verbose url resolved https://registry.npmjs.org/jquery
45 verbose request where is https://registry.npmjs.org/jquery
46 info trying registry request attempt 1 at 10:23:16
47 verbose etag "50949RHS07EZQORIUGKGTK4OG"
48 http GET https://registry.npmjs.org/jquery
49 http 200 https://registry.npmjs.org/jquery
50 silly registry.get cb [ 200,
50 silly registry.get   { server: 'CouchDB/1.5.0 (Erlang OTP/R16B03)',
50 silly registry.get     etag: '"8A0D5SMDUC3O9EILW3DGPSCUM"',
50 silly registry.get     'content-type': 'application/json',
50 silly registry.get     'cache-control': 'max-age=60',
50 silly registry.get     'content-length': '55266',
50 silly registry.get     'accept-ranges': 'bytes',
50 silly registry.get     date: 'Mon, 15 Jun 2015 07:23:16 GMT',
50 silly registry.get     via: '1.1 varnish',
50 silly registry.get     age: '43',
50 silly registry.get     connection: 'keep-alive',
50 silly registry.get     'x-served-by': 'cache-fra1232-FRA',
50 silly registry.get     'x-cache': 'HIT',
50 silly registry.get     'x-cache-hits': '1',
50 silly registry.get     'x-timer': 'S1434352996.908110,VS0,VE0',
50 silly registry.get     vary: 'Accept' } ]
51 silly addNameRange number 2 { name: 'jquery', range: '*', hasData: true }
52 silly addNameRange versions [ 'jquery',
52 silly addNameRange   [ '1.5.1',
52 silly addNameRange     '1.6.2',
52 silly addNameRange     '1.6.3',
52 silly addNameRange     '1.7.2',
52 silly addNameRange     '1.7.3',
52 silly addNameRange     '1.8.2',
52 silly addNameRange     '1.8.3',
52 silly addNameRange     '2.1.0-beta2',
52 silly addNameRange     '2.1.0-beta3',
52 silly addNameRange     '1.11.0-beta3',
52 silly addNameRange     '1.11.0-rc1',
52 silly addNameRange     '2.1.0-rc1',
52 silly addNameRange     '1.11.0',
52 silly addNameRange     '2.1.0',
52 silly addNameRange     '2.1.1-beta1',
52 silly addNameRange     '1.11.1-beta1',
52 silly addNameRange     '2.1.1-rc1',
52 silly addNameRange     '1.11.1-rc1',
52 silly addNameRange     '2.1.1-rc2',
52 silly addNameRange     '1.11.1-rc2',
52 silly addNameRange     '2.1.1',
52 silly addNameRange     '1.11.1',
52 silly addNameRange     '1.9.1',
52 silly addNameRange     '2.1.2',
52 silly addNameRange     '1.11.2',
52 silly addNameRange     '2.1.3',
52 silly addNameRange     '2.1.4',
52 silly addNameRange     '1.11.3' ] ]
53 verbose addNamed [ 'jquery', '2.1.4' ]
54 verbose addNamed [ '2.1.4', '2.1.4' ]
55 silly lockFile f774660c-jquery-2-1-4 jquery@2.1.4
56 verbose lock jquery@2.1.4 /Users/buschidos/.npm/f774660c-jquery-2-1-4.lock
57 silly lockFile f774660c-jquery-2-1-4 jquery@2.1.4
58 silly lockFile f774660c-jquery-2-1-4 jquery@2.1.4
59 silly lockFile 039e748d-jquery jquery@
60 silly lockFile 039e748d-jquery jquery@
61 http 404 https://registry.npmjs.org/%5E1.11
62 silly registry.get cb [ 404,
62 silly registry.get   { 'content-type': 'application/json',
62 silly registry.get     'cache-control': 'max-age=0',
62 silly registry.get     'content-length': '63',
62 silly registry.get     'accept-ranges': 'bytes',
62 silly registry.get     date: 'Mon, 15 Jun 2015 07:23:17 GMT',
62 silly registry.get     via: '1.1 varnish',
62 silly registry.get     age: '0',
62 silly registry.get     connection: 'keep-alive',
62 silly registry.get     'x-served-by': 'cache-fra1237-FRA',
62 silly registry.get     'x-cache': 'MISS',
62 silly registry.get     'x-cache-hits': '0',
62 silly registry.get     'x-timer': 'S1434352996.911893,VS0,VE175' } ]
63 silly lockFile da2e92ba-1-11 ^1.11@
64 silly lockFile da2e92ba-1-11 ^1.11@
65 error 404 Not Found
65 error 404
65 error 404 '^1.11' is not in the npm registry.
65 error 404 You should bug the author to publish it
65 error 404 It was specified as a dependency of 'Cubits'
65 error 404
65 error 404 Note that you can also install from a
65 error 404 tarball, folder, or http url, or git url.
66 error System Darwin 14.3.0
67 error command "node" "/usr/local/bin/npm" "i" "--save" "jquery" "^1.11"
68 error cwd /Users/buschidos/Documents/coderiver/git/cubits
69 error node -v v0.10.33
70 error npm -v 1.4.28
71 error code E404
72 verbose exit [ 1, true ]
